SET client_min_messages = WARNING;
/* Test size collection sampling settings */
INSERT INTO profile.grow_table (short_str,long_str)
SELECT array_to_string(array
  (select
  substr('abcdefghijklmnopqrstuvwxyzABCDEFGHIJKLMNOPQRSTUVWXYZ0123456789',
  trunc(random() * 62)::integer + 1, 1)
  FROM   generate_series(1, 40)), ''
) as arr1,
array_to_string(array
  (select
  substr('abcdefghijklmnopqrstuvwxyzABCDEFGHIJKLMNOPQRSTUVWXYZ0123456789',
  trunc(random() * 62)::integer + 1, 1)
  FROM   generate_series(1, 8000)), ''
)
FROM generate_series(1,5);
/* Test rare relation sizes collection */
SELECT profile.set_server_size_sampling('local',current_time - interval '10 minute',interval '30 minute',interval '2 minute');
 set_server_size_sampling 
--------------------------
                        1
(1 row)

-- check show_servers_size_sampling()
SELECT server_name,window_duration,sample_interval FROM profile.show_servers_size_sampling();
 server_name | window_duration | sample_interval 
-------------+-----------------+-----------------
 local       | @ 30 mins       | @ 2 mins
(1 row)

-- (sample 4)
SELECT server,result FROM profile.take_sample();
 server | result 
--------+--------
 local  | OK
(1 row)

-- Disable rare sizes collection
SELECT profile.set_server_size_sampling('local',null,null,null);
 set_server_size_sampling 
--------------------------
                        1
(1 row)

-- (sample 5)
SELECT server,result FROM profile.take_sample();
 server | result 
--------+--------
 local  | OK
(1 row)

-- check show_samples()
SELECT sample, sizes_collected FROM profile.show_samples() WHERE NOT sizes_collected;
 sample | sizes_collected 
--------+-----------------
      4 | f
(1 row)

-- check tables sizes collection
SELECT
  sample_id,
  count(relsize) > 0 as relsize,
  count(relsize_diff) > 0 as relsize_diff,
  count(relpages_bytes) > 0 as relpages,
  count(relpages_bytes_diff) > 0 as relpages_diff
FROM profile.sample_stat_tables GROUP BY sample_id
ORDER BY sample_id;
 sample_id | relsize | relsize_diff | relpages | relpages_diff 
-----------+---------+--------------+----------+---------------
         1 | t       | t            | t        | t
         2 | t       | t            | t        | t
         3 | t       | t            | t        | t
         4 | f       | f            | t        | t
         5 | t       | t            | t        | t
(5 rows)

-- check indexes sizes collection
SELECT
  sample_id,
  count(relsize) > 0 as relsize,
  count(relsize_diff) > 0 as relsize_diff,
  count(relpages_bytes) > 0 as relpages,
  count(relpages_bytes_diff) > 0 as relpages_diff
FROM profile.sample_stat_indexes GROUP BY sample_id
ORDER BY sample_id;
 sample_id | relsize | relsize_diff | relpages | relpages_diff 
-----------+---------+--------------+----------+---------------
         1 | t       | t            | t        | t
         2 | t       | t            | t        | t
         3 | t       | t            | t        | t
         4 | f       | f            | t        | t
         5 | t       | t            | t        | t
(5 rows)

